<?xml version="1.0" encoding="UTF-8"?>
<!-- Generated by org.testng.reporters.JUnitReportReporter -->
<testsuite hostname="Rev-PG02C4SM" failures="0" tests="1" name="Testcase" time="6.941" errors="0" timestamp="2024-01-01T23:36:11 IST" skipped="0">
  <testcase classname="Testcase" name="Testcase_01" time="6.941"/>
</testsuite> <!-- Testcase -->
